Initialize engine version: 2022.3.7f1 (b16b3b16c7a0)
[Subsystems] Discovering subsystems at path G:/SteamLibrary/steamapps/common/Deep Rock Survivor/DRG Survivor_Data/UnitySubsystems
GfxDevice: creating device client; threaded=1; jobified=1
Direct3D:
    Version:  Direct3D 11.0 [level 11.1]
    Renderer: NVIDIA GeForce GTX 1080 (ID=0x1b80)
    Vendor:   NVIDIA
    VRAM:     8059 MB
    Driver:   31.0.15.5176
<RI> Initializing input.
New input system (experimental) initialized
Using Windows.Gaming.Input
<RI> Input initialized.
<RI> Initialized touch support.
UnloadTime: 0.878400 ms
Could not allocate memory: System out of memory!
Trying to allocate: 16908288B with 16384 alignment. MemoryLabel: Utility
Allocation happened at: Line:347 in 
Memory overview

[ ALLOC_TEMP_TLS ] used: 616B | peak: 0B | reserved: 7766016B 
[ ALLOC_DEFAULT ] used: 138030264B | peak: 0B | reserved: 159481856B 
[ ALLOC_TEMP_JOB_1_FRAME ] used: 0B | peak: 0B | reserved: 0B 
[ ALLOC_TEMP_JOB_2_FRAMES ] used: 0B | peak: 0B | reserved: 0B 
[ ALLOC_TEMP_JOB_4_FRAMES (JobTemp) ] used: 0B | peak: 0B | reserved: 2097152B 
[ ALLOC_TEMP_JOB_ASYNC (Background) ] used: 0B | peak: 0B | reserved: 9437184B 
[ ALLOC_GFX ] used: 50032008B | peak: 0B | reserved: 75505664B 
[ ALLOC_CACHEOBJECTS ] used: 63725232B | peak: 0B | reserved: 92278784B 
[ ALLOC_TYPETREE ] used: 78328B | peak: 0B | reserved: 4194304B 
Could not allocate memory: System out of memory!
Trying to allocate: 16908288B with 16384 alignment. MemoryLabel: Utility
Allocation happened at: Line:347 in 
Memory overview

[ ALLOC_TEMP_TLS ] used: 616B | peak: 0B | reserved: 7766016B 
[ ALLOC_DEFAULT ] used: 138030264B | peak: 0B | reserved: 159481856B 
[ ALLOC_TEMP_JOB_1_FRAME ] used: 0B | peak: 0B | reserved: 0B 
[ ALLOC_TEMP_JOB_2_FRAMES ] used: 0B | peak: 0B | reserved: 0B 
[ ALLOC_TEMP_JOB_4_FRAMES (JobTemp) ] used: 0B | peak: 0B | reserved: 2097152B 
[ ALLOC_TEMP_JOB_ASYNC (Background) ] used: 0B | peak: 0B | reserved: 9437184B 
[ ALLOC_GFX ] used: 50032008B | peak: 0B | reserved: 75505664B 
[ ALLOC_CACHEOBJECTS ] used: 63725232B | peak: 0B | reserved: 92278784B 
[ ALLOC_TYPETREE ] used: 78328B | peak: 0B | reserved: 4194304B 
Unity.Collections.NativeArray`1:.ctor(Int32, Allocator, NativeArrayOptions)
UnityEngine.InputSystem.LowLevel.InputDeviceCommand:AllocateNative(FourCC, Int32)
UnityEngine.InputSystem.HID.HID:ReadHIDDeviceDescriptor(InputDeviceDescription&, InputDeviceExecuteCommandDelegate)
UnityEngine.InputSystem.HID.HID:OnFindLayoutForDevice(InputDeviceDescription&, String, InputDeviceExecuteCommandDelegate)
UnityEngine.InputSystem.InputManager:TryFindMatchingControlLayout(InputDeviceDescription&, Int32)
UnityEngine.InputSystem.InputManager:AddDevice(InputDeviceDescription, Boolean, String, Int32, DeviceFlags)
UnityEngine.InputSystem.InputManager:OnNativeDeviceDiscovered(Int32, String)
UnityEngineInternal.Input.NativeInputSystem:NotifyDeviceDiscovered(Int32, String)

[ line 1293145192]

Crash!!!
SymInit: Symbol-SearchPath: '.;G:\SteamLibrary\steamapps\common\Deep Rock Survivor;G:/SteamLibrary/steamapps/common/Deep Rock Survivor/DRG Survivor_Data/Plugins\x86_64;G:/SteamLibrary/steamapps/common/Deep Rock Survivor/DRG Survivor_Data/Plugins;G:\SteamLibrary\steamapps\common\Deep Rock Survivor;C:\WINDOWS;C:\WINDOWS\system32;', symOptions: 534, UserName: 'iasav'
OS-Version: 10.0.0
G:\SteamLibrary\steamapps\common\Deep Rock Survivor\DRG Survivor.exe:DRG Survivor.exe (00007FF64A490000), size: 688128 (result: 0), SymType: '-deferred-', PDB: '', fileVersion: 2022.3.7.27451
C:\WINDOWS\SYSTEM32\ntdll.dll:ntdll.dll (00007FFBE4F10000), size: 2064384 (result: 0), SymType: '-deferred-', PDB: '', fileVersion: 10.0.19041.3996
C:\WINDOWS\System32\KERNEL32.DLL:KERNEL32.DLL (00007FFBE3910000), size: 774144 (result: 0), SymType: '-deferred-', PDB: '', fileVersion: 10.0.19041.3636
C:\WINDOWS\System32\KERNELBASE.dll:KERNELBASE.dll (00007FFBE2770000), size: 3104768 (result: 0), SymType: '-deferred-', PDB: '', fileVersion: 10.0.19041.3996
C:\WINDOWS\SYSTEM32\apphelp.dll:apphelp.dll (00007FFBDFBB0000), size: 589824 (result: 0), SymType: '-deferred-', PDB: '', fileVersion: 10.0.19041.3636
C:\WINDOWS\SYSTEM32\AcLayers.DLL:AcLayers.DLL (00007FFB7D140000), size: 4808704 (result: 0), SymType: '-deferred-', PDB: '', fileVersion: 10.0.19041.3636
C:\WINDOWS\System32\msvcrt.dll:msvcrt.dll (00007FFBE33A0000), size: 647168 (result: 0), SymType: '-deferred-', PDB: '', fileVersion: 7.0.19041.3636
C:\WINDOWS\System32\USER32.dll:USER32.dll (00007FFBE44F0000), size: 1695744 (result: 0), SymType: '-deferred-', PDB: '', fileVersion: 10.0.19041.3996
C:\WINDOWS\System32\win32u.dll:win32u.dll (00007FFBE26F0000), size: 139264 (result: 0), SymType: '-deferred-', PDB: '', fileVersion: 10.0.19041.4123
C:\WINDOWS\System32\GDI32.dll:GDI32.dll (00007FFBE4E70000), size: 176128 (result: 0), SymType: '-deferred-', PDB: '', fileVersion: 10.0.19041.3996
C:\WINDOWS\System32\gdi32full.dll:gdi32full.dll (00007FFBE2E20000), size: 1142784 (result: 0), SymType: '-deferred-', PDB: '', fileVersion: 10.0.19041.3996
C:\WINDOWS\System32\msvcp_win.dll:msvcp_win.dll (00007FFBE2AE0000), size: 643072 (result: 0), SymType: '-deferred-', PDB: '', fileVersion: 10.0.19041.3636
C:\WINDOWS\System32\ucrtbase.dll:ucrtbase.dll (00007FFBE25C0000), size: 1048576 (result: 0), SymType: '-deferred-', PDB: '', fileVersion: 10.0.19041.3636
C:\WINDOWS\System32\SHELL32.dll:SHELL32.dll (00007FFBE4690000), size: 7778304 (result: 0), SymType: '-deferred-', PDB: '', fileVersion: 10.0.19041.4170
C:\WINDOWS\System32\SHLWAPI.dll:SHLWAPI.dll (00007FFBE3C60000), size: 348160 (result: 0), SymType: '-deferred-', PDB: '', fileVersion: 10.0.19041.3636
C:\WINDOWS\System32\ADVAPI32.dll:ADVAPI32.dll (00007FFBE4440000), size: 720896 (result: 0), SymType: '-deferred-', PDB: '', fileVersion: 10.0.19041.4170
C:\WINDOWS\System32\sechost.dll:sechost.dll (00007FFBE39D0000), size: 655360 (result: 0), SymType: '-deferred-', PDB: '', fileVersion: 10.0.19041.4170
C:\WINDOWS\System32\RPCRT4.dll:RPCRT4.dll (00007FFBE4310000), size: 1200128 (result: 0), SymType: '-deferred-', PDB: '', fileVersion: 10.0.19041.4123
C:\WINDOWS\System32\bcrypt.dll:bcrypt.dll (00007FFBE26C0000), size: 159744 (result: 0), SymType: '-deferred-', PDB: '', fileVersion: 10.0.19041.3636
C:\WINDOWS\SYSTEM32\sfc.dll:sfc.dll (000001BF98770000), size: 12288 (result: 0), SymType: '-deferred-', PDB: '', fileVersion: 10.0.19041.3636
C:\WINDOWS\SYSTEM32\WINSPOOL.DRV:WINSPOOL.DRV (00007FFBD7BC0000), size: 675840 (result: 0), SymType: '-deferred-', PDB: '', fileVersion: 10.0.19041.4046
C:\WINDOWS\System32\combase.dll:combase.dll (00007FFBE3E10000), size: 3485696 (result: 0), SymType: '-deferred-', PDB: '', fileVersion: 10.0.19041.4123
C:\WINDOWS\System32\shcore.dll:shcore.dll (00007FFBE3D60000), size: 708608 (result: 0), SymType: '-deferred-', PDB: '', fileVersion: 10.0.19041.3636
C:\WINDOWS\SYSTEM32\sfc_os.DLL:sfc_os.DLL (00007FFBBE1B0000), size: 73728 (result: 0), SymType: '-deferred-', PDB: '', fileVersion: 10.0.19041.3636
C:\WINDOWS\SYSTEM32\AcGenral.DLL:AcGenral.DLL (00007FFB7CED0000), size: 405504 (result: 0), SymType: '-deferred-', PDB: '', fileVersion: 10.0.19041.3636
C:\WINDOWS\System32\ole32.dll:ole32.dll (00007FFBE3070000), size: 1224704 (result: 0), SymType: '-deferred-', PDB: '', fileVersion: 10.0.19041.3636
C:\WINDOWS\SYSTEM32\USERENV.dll:USERENV.dll (00007FFBE24B0000), size: 188416 (result: 0), SymType: '-deferred-', PDB: '', fileVersion: 10.0.19041.3636
C:\WINDOWS\SYSTEM32\MPR.dll:MPR.dll (00007FFBC7C70000), size: 118784 (result: 0), SymType: '-deferred-', PDB: '', fileVersion: 10.0.19041.3636
C:\WINDOWS\SYSTEM32\SspiCli.dll:SspiCli.dll (00007FFBE2470000), size: 204800 (result: 0), SymType: '-deferred-', PDB: '', fileVersion: 10.0.19041.3636
C:\WINDOWS\System32\IMM32.DLL:IMM32.DLL (00007FFBE3C20000), size: 204800 (result: 0), SymType: '-deferred-', PDB: '', fileVersion: 10.0.19041.3996
G:\SteamLibrary\steamapps\common\Deep Rock Survivor\UnityPlayer.dll:UnityPlayer.dll (00007FFAE2AA0000), size: 31555584 (result: 0), SymType: '-deferred-', PDB: '', fileVersion: 2022.3.7.27451
C:\WINDOWS\System32\SETUPAPI.dll:SETUPAPI.dll (00007FFBE3440000), size: 4644864 (result: 0), SymType: '-deferred-', PDB: '', fileVersion: 10.0.19041.3996
C:\WINDOWS\System32\cfgmgr32.dll:cfgmgr32.dll (00007FFBE2720000), size: 319488 (result: 0), SymType: '-deferred-', PDB: '', fileVersion: 10.0.19041.3996
C:\WINDOWS\SYSTEM32\VERSION.dll:VERSION.dll (00007FFBD9EB0000), size: 40960 (result: 0), SymType: '-deferred-', PDB: '', fileVersion: 10.0.19041.3636
C:\WINDOWS\System32\OLEAUT32.dll:OLEAUT32.dll (00007FFBE2FA0000), size: 839680 (result: 0), SymType: '-deferred-', PDB: '', fileVersion: 10.0.19041.3636
C:\WINDOWS\System32\CRYPT32.dll:CRYPT32.dll (00007FFBE2B80000), size: 1429504 (result: 0), SymType: '-deferred-', PDB: '', fileVersion: 10.0.19041.3636
C:\WINDOWS\System32\WS2_32.dll:WS2_32.dll (00007FFBE4E00000), size: 438272 (result: 0), SymType: '-deferred-', PDB: '', fileVersion: 10.0.19041.3636
C:\WINDOWS\SYSTEM32\WINMM.dll:WINMM.dll (00007FFBD5440000), size: 159744 (result: 0), SymType: '-deferred-', PDB: '', fileVersion: 10.0.19041.3636
C:\WINDOWS\SYSTEM32\OPENGL32.dll:OPENGL32.dll (00007FFB7CD80000), size: 1200128 (result: 0), SymType: '-deferred-', PDB: '', fileVersion: 10.0.19041.3636
C:\WINDOWS\SYSTEM32\WINHTTP.dll:WINHTTP.dll (00007FFBDAAB0000), size: 1089536 (result: 0), SymType: '-deferred-', PDB: '', fileVersion: 10.0.19041.3636
C:\WINDOWS\SYSTEM32\HID.DLL:HID.DLL (00007FFBE0E30000), size: 53248 (result: 0), SymType: '-deferred-', PDB: '', fileVersion: 10.0.19041.3636
C:\WINDOWS\SYSTEM32\dwmapi.dll:dwmapi.dll (00007FFBE02B0000), size: 192512 (result: 0), SymType: '-deferred-', PDB: '', fileVersion: 10.0.19041.3636
C:\WINDOWS\SYSTEM32\GLU32.dll:GLU32.dll (00007FFB7CD50000), size: 180224 (result: 0), SymType: '-deferred-', PDB: '', fileVersion: 10.0.19041.3636
E:\Steam\gameoverlayrenderer64.dll:gameoverlayrenderer64.dll (00007FFB9E960000), size: 1642496 (result: 0), SymType: '-deferred-', PDB: '', fileVersion: 8.74.80.95
C:\WINDOWS\System32\PSAPI.DLL:PSAPI.DLL (00007FFBE4EC0000), size: 32768 (result: 0), SymType: '-deferred-', PDB: '', fileVersion: 10.0.19041.3636
C:\WINDOWS\SYSTEM32\kernel.appcore.dll:kernel.appcore.dll (00007FFBE0490000), size: 73728 (result: 0), SymType: '-deferred-', PDB: '', fileVersion: 10.0.19041.3758
C:\WINDOWS\System32\bcryptPrimitives.dll:bcryptPrimitives.dll (00007FFBE2CE0000), size: 532480 (result: 0), SymType: '-deferred-', PDB: '', fileVersion: 10.0.19041.3636
C:\WINDOWS\system32\uxtheme.dll:uxtheme.dll (00007FFBDFFA0000), size: 647168 (result: 0), SymType: '-deferred-', PDB: '', fileVersion: 10.0.19041.3996
C:\WINDOWS\SYSTEM32\windows.storage.dll:windows.storage.dll (00007FFBE0690000), size: 7987200 (result: 0), SymType: '-deferred-', PDB: '', fileVersion: 10.0.19041.4123
C:\WINDOWS\SYSTEM32\Wldp.dll:Wldp.dll (00007FFBE1FF0000), size: 188416 (result: 0), SymType: '-deferred-', PDB: '', fileVersion: 10.0.19041.3996
C:\WINDOWS\SYSTEM32\profapi.dll:profapi.dll (00007FFBE24F0000), size: 151552 (result: 0), SymType: '-deferred-', PDB: '', fileVersion: 10.0.19041.3636
G:\SteamLibrary\steamapps\common\Deep Rock Survivor\GameAssembly.dll:GameAssembly.dll (00007FFADED20000), size: 64471040 (result: 0), SymType: '-deferred-', PDB: ''
C:\WINDOWS\SYSTEM32\IPHLPAPI.DLL:IPHLPAPI.DLL (00007FFBE19F0000), size: 241664 (result: 0), SymType: '-deferred-', PDB: '', fileVersion: 10.0.19041.3636
C:\WINDOWS\SYSTEM32\dbghelp.dll:dbghelp.dll (00007FFBD4AD0000), size: 1982464 (result: 0), SymType: '-deferred-', PDB: '', fileVersion: 10.0.19041.3636
G:\SteamLibrary\steamapps\common\Deep Rock Survivor\baselib.dll:baselib.dll (00007FFBAD280000), size: 430080 (result: 0), SymType: '-deferred-', PDB: ''
C:\WINDOWS\System32\clbcatq.dll:clbcatq.dll (00007FFBE4260000), size: 692224 (result: 0), SymType: '-deferred-', PDB: '', fileVersion: 2001.12.10941.16384
C:\Windows\System32\CoreMessaging.dll:CoreMessaging.dll (00007FFBDF950000), size: 991232 (result: 0), SymType: '-deferred-', PDB: '', fileVersion: 10.0.19041.3930
C:\WINDOWS\System32\MSCTF.dll:MSCTF.dll (00007FFBE31A0000), size: 1134592 (result: 0), SymType: '-deferred-', PDB: '', fileVersion: 10.0.19041.4123
C:\WINDOWS\SYSTEM32\d3d11.dll:d3d11.dll (00007FFBDDF90000), size: 2502656 (result: 8), SymType: '-unknown-', PDB: '', fileVersion: 10.0.19041.3636
C:\WINDOWS\SYSTEM32\dxgi.dll:dxgi.dll (00007FFBE0E70000), size: 995328 (result: 8), SymType: '-unknown-', PDB: '', fileVersion: 10.0.19041.3636
C:\WINDOWS\System32\DriverStore\FileRepository\nv_dispig.inf_amd64_618b150331c5f4ad\nvldumdx.dll:nvldumdx.dll (00007FFBD84F0000), size: 778240 (result: 0), SymType: '-deferred-', PDB: '', fileVersion: 31.0.15.5176
C:\WINDOWS\SYSTEM32\msasn1.dll:msasn1.dll (00007FFBE2180000), size: 73728 (result: 0), SymType: '-deferred-', PDB: '', fileVersion: 10.0.19041.3636
C:\WINDOWS\SYSTEM32\cryptnet.dll:cryptnet.dll (00007FFBD9E70000), size: 200704 (result: 0), SymType: '-deferred-', PDB: '', fileVersion: 10.0.19041.3636
C:\WINDOWS\SYSTEM32\drvstore.dll:drvstore.dll (00007FFBD9CC0000), size: 1343488 (result: 0), SymType: '-deferred-', PDB: '', fileVersion: 10.0.19041.3636
C:\WINDOWS\SYSTEM32\devobj.dll:devobj.dll (00007FFBE2350000), size: 208896 (result: 0), SymType: '-deferred-', PDB: '', fileVersion: 10.0.19041.3996
C:\WINDOWS\SYSTEM32\cryptbase.dll:cryptbase.dll (00007FFBE1F40000), size: 49152 (result: 0), SymType: '-deferred-', PDB: '', fileVersion: 10.0.19041.3636
C:\WINDOWS\System32\wintrust.dll:wintrust.dll (00007FFBE2A70000), size: 421888 (result: 0), SymType: '-deferred-', PDB: '', fileVersion: 10.0.19041.3996
C:\WINDOWS\System32\imagehlp.dll:imagehlp.dll (00007FFBE4EA0000), size: 118784 (result: 0), SymType: '-deferred-', PDB: '', fileVersion: 10.0.19041.3636
C:\WINDOWS\SYSTEM32\CRYPTSP.dll:CRYPTSP.dll (00007FFBE1F50000), size: 98304 (result: 0), SymType: '-deferred-', PDB: '', fileVersion: 10.0.19041.3636
C:\WINDOWS\system32\rsaenh.dll:rsaenh.dll (00007FFBE1610000), size: 212992 (result: 0), SymType: '-deferred-', PDB: '', fileVersion: 10.0.19041.3636
C:\WINDOWS\System32\DriverStore\FileRepository\nv_dispig.inf_amd64_618b150331c5f4ad\nvgpucomp64.dll:nvgpucomp64.dll (00007FFBD1F40000), size: 35770368 (result: 0), SymType: '-deferred-', PDB: '', fileVersion: 31.0.15.5176
C:\WINDOWS\System32\DriverStore\FileRepository\nv_dispig.inf_amd64_618b150331c5f4ad\nvwgf2umx.dll:nvwgf2umx.dll (00007FFBCAB30000), size: 67964928 (result: 0), SymType: '-deferred-', PDB: '', fileVersion: 31.0.15.5176
C:\WINDOWS\SYSTEM32\powrprof.dll:powrprof.dll (00007FFBE1B60000), size: 307200 (result: 0), SymType: '-deferred-', PDB: '', fileVersion: 10.0.19041.3636
C:\WINDOWS\SYSTEM32\UMPDC.dll:UMPDC.dll (00007FFBE19D0000), size: 73728 (result: 0), SymType: '-deferred-', PDB: ''
C:\WINDOWS\SYSTEM32\dxcore.dll:dxcore.dll (00007FFBD8860000), size: 241664 (result: 0), SymType: '-deferred-', PDB: '', fileVersion: 10.0.19041.3996
C:\WINDOWS\system32\wbem\wbemprox.dll:wbemprox.dll (00007FFBD9B00000), size: 69632 (result: 0), SymType: '-deferred-', PDB: '', fileVersion: 10.0.19041.3996
C:\WINDOWS\SYSTEM32\wbemcomn.dll:wbemcomn.dll (00007FFBCFC50000), size: 589824 (result: 0), SymType: '-deferred-', PDB: '', fileVersion: 10.0.19041.3636
C:\WINDOWS\system32\wbem\wbemsvc.dll:wbemsvc.dll (00007FFBCF0A0000), size: 81920 (result: 0), SymType: '-deferred-', PDB: '', fileVersion: 10.0.19041.3996
C:\WINDOWS\system32\wbem\fastprox.dll:fastprox.dll (00007FFBCEF00000), size: 1093632 (result: 0), SymType: '-deferred-', PDB: '', fileVersion: 10.0.19041.3636
C:\WINDOWS\SYSTEM32\amsi.dll:amsi.dll (00007FFBC9CA0000), size: 126976 (result: 0), SymType: '-deferred-', PDB: '', fileVersion: 10.0.19041.3636
C:\ProgramData\Microsoft\Windows Defender\Platform\4.18.24020.7-0\MpOav.dll:MpOav.dll (00007FFBC9A70000), size: 528384 (result: 0), SymType: '-deferred-', PDB: '', fileVersion: 4.18.24020.7
C:\WINDOWS\System32\MMDevApi.dll:MMDevApi.dll (00007FFBDC1B0000), size: 544768 (result: 0), SymType: '-deferred-', PDB: '', fileVersion: 10.0.19041.3636
C:\WINDOWS\SYSTEM32\AUDIOSES.DLL:AUDIOSES.DLL (00007FFBDC680000), size: 1581056 (result: 0), SymType: '-deferred-', PDB: '', fileVersion: 10.0.19041.3636
C:\WINDOWS\SYSTEM32\resourcepolicyclient.dll:resourcepolicyclient.dll (00007FFBE0080000), size: 81920 (result: 0), SymType: '-deferred-', PDB: '', fileVersion: 10.0.19041.3636
G:\SteamLibrary\steamapps\common\Deep Rock Survivor\DRG Survivor_Data\Plugins\x86_64\lib_burst_generated.dll:lib_burst_generated.dll (00007FFBB0B50000), size: 188416 (result: 0), SymType: '-deferred-', PDB: ''
C:\Windows\System32\Windows.Gaming.Input.dll:Windows.Gaming.Input.dll (00007FFBD9B20000), size: 954368 (result: 0), SymType: '-deferred-', PDB: '', fileVersion: 10.0.19041.4123
C:\WINDOWS\SYSTEM32\inputhost.dll:inputhost.dll (00007FFBD7510000), size: 1384448 (result: 0), SymType: '-deferred-', PDB: '', fileVersion: 10.0.19041.3636
C:\Windows\System32\PROPSYS.dll:PROPSYS.dll (00007FFBDE200000), size: 1007616 (result: 0), SymType: '-deferred-', PDB: '', fileVersion: 7.0.19041.3636
C:\WINDOWS\SYSTEM32\wintypes.dll:wintypes.dll (00007FFBDEEC0000), size: 1396736 (result: 0), SymType: '-deferred-', PDB: '', fileVersion: 10.0.19041.4123
C:\Windows\System32\CoreUIComponents.dll:CoreUIComponents.dll (00007FFBDF5F0000), size: 3518464 (result: 0), SymType: '-deferred-', PDB: '', fileVersion: 10.0.19041.3636
C:\WINDOWS\SYSTEM32\ntmarta.dll:ntmarta.dll (00007FFBE1730000), size: 208896 (result: 0), SymType: '-deferred-', PDB: '', fileVersion: 10.0.19041.3636
C:\Windows\System32\twinapi.appcore.dll:twinapi.appcore.dll (00007FFBDABC0000), size: 2109440 (result: 0), SymType: '-deferred-', PDB: '', fileVersion: 10.0.19041.4123
C:\WINDOWS\SYSTEM32\xinput1_3.dll:xinput1_3.dll (0000000000400000), size: 122880 (result: 0), SymType: '-deferred-', PDB: '', fileVersion: 9.18.944.0
C:\WINDOWS\SYSTEM32\dcomp.dll:dcomp.dll (00007FFBDF050000), size: 1978368 (result: 0), SymType: '-deferred-', PDB: '', fileVersion: 10.0.19041.4046
C:\WINDOWS\SYSTEM32\textinputframework.dll:textinputframework.dll (00007FFBDB450000), size: 1019904 (result: 0), SymType: '-deferred-', PDB: '', fileVersion: 10.0.19041.4123

========== OUTPUTTING STACK TRACE ==================

0x00007FFAE3AE7441 (UnityPlayer) UnityMain
0x00007FFAE3AE7FD0 (UnityPlayer) UnityMain
SymInit: Symbol-SearchPath: '.;G:\SteamLibrary\steamapps\common\Deep Rock Survivor;G:/SteamLibrary/steamapps/common/Deep Rock Survivor/DRG Survivor_Data/Plugins\x86_64;G:/SteamLibrary/steamapps/common/Deep Rock Survivor/DRG Survivor_Data/Plugins;G:\SteamLibrary\steamapps\common\Deep Rock Survivor;C:\WINDOWS;C:\WINDOWS\system32;', symOptions: 534, UserName: 'iasav'
OS-Version: 10.0.0
G:\SteamLibrary\steamapps\common\Deep Rock Survivor\DRG Survivor.exe:DRG Survivor.exe (00007FF64A490000), size: 688128 (result: 0), SymType: '-exported-', PDB: 'G:\SteamLibrary\steamapps\common\Deep Rock Survivor\DRG Survivor.exe', fileVersion: 2022.3.7.27451
C:\WINDOWS\SYSTEM32\ntdll.dll:ntdll.dll (00007FFBE4F10000), size: 2064384 (result: 0), SymType: '-exported-', PDB: 'C:\WINDOWS\SYSTEM32\ntdll.dll', fileVersion: 10.0.19041.3996
C:\WINDOWS\System32\KERNEL32.DLL:KERNEL32.DLL (00007FFBE3910000), size: 774144 (result: 0), SymType: '-exported-', PDB: 'C:\WINDOWS\System32\KERNEL32.DLL', fileVersion: 10.0.19041.3636
C:\WINDOWS\System32\KERNELBASE.dll:KERNELBASE.dll (00007FFBE2770000), size: 3104768 (result: 0), SymType: '-exported-', PDB: 'C:\WINDOWS\System32\KERNELBASE.dll', fileVersion: 10.0.19041.3996
C:\WINDOWS\SYSTEM32\apphelp.dll:apphelp.dll (00007FFBDFBB0000), size: 589824 (result: 0), SymType: '-exported-', PDB: 'C:\WINDOWS\SYSTEM32\apphelp.dll', fileVersion: 10.0.19041.3636
C:\WINDOWS\SYSTEM32\AcLayers.DLL:AcLayers.DLL (00007FFB7D140000), size: 4808704 (result: 0), SymType: '-exported-', PDB: 'C:\WINDOWS\SYSTEM32\AcLayers.DLL', fileVersion: 10.0.19041.3636
C:\WINDOWS\System32\msvcrt.dll:msvcrt.dll (00007FFBE33A0000), size: 647168 (result: 0), SymType: '-exported-', PDB: 'C:\WINDOWS\System32\msvcrt.dll', fileVersion: 7.0.19041.3636
C:\WINDOWS\System32\USER32.dll:USER32.dll (00007FFBE44F0000), size: 1695744 (result: 0), SymType: '-exported-', PDB: 'C:\WINDOWS\System32\USER32.dll', fileVersion: 10.0.19041.3996
C:\WINDOWS\System32\win32u.dll:win32u.dll (00007FFBE26F0000), size: 139264 (result: 0), SymType: '-exported-', PDB: 'C:\WINDOWS\System32\win32u.dll', fileVersion: 10.0.19041.4123
C:\WINDOWS\System32\GDI32.dll:GDI32.dll (00007FFBE4E70000), size: 176128 (result: 0), SymType: '-exported-', PDB: 'C:\WINDOWS\System32\GDI32.dll', fileVersion: 10.0.19041.3996
C:\WINDOWS\System32\gdi32full.dll:gdi32full.dll (00007FFBE2E20000), size: 1142784 (result: 0), SymType: '-exported-', PDB: 'C:\WINDOWS\System32\gdi32full.dll', fileVersion: 10.0.19041.3996
C:\WINDOWS\System32\msvcp_win.dll:msvcp_win.dll (00007FFBE2AE0000), size: 643072 (result: 0), SymType: '-exported-', PDB: 'C:\WINDOWS\System32\msvcp_win.dll', fileVersion: 10.0.19041.3636
C:\WINDOWS\System32\ucrtbase.dll:ucrtbase.dll (00007FFBE25C0000), size: 1048576 (result: 0), SymType: '-exported-', PDB: 'C:\WINDOWS\System32\ucrtbase.dll', fileVersion: 10.0.19041.3636
C:\WINDOWS\System32\SHELL32.dll:SHELL32.dll (00007FFBE4690000), size: 7778304 (result: 0), SymType: '-exported-', PDB: 'C:\WINDOWS\System32\SHELL32.dll', fileVersion: 10.0.19041.4170
C:\WINDOWS\System32\SHLWAPI.dll:SHLWAPI.dll (00007FFBE3C60000), size: 348160 (result: 0), SymType: '-exported-', PDB: 'C:\WINDOWS\System32\SHLWAPI.dll', fileVersion: 10.0.19041.3636
C:\WINDOWS\System32\ADVAPI32.dll:ADVAPI32.dll (00007FFBE4440000), size: 720896 (result: 0), SymType: '-exported-', PDB: 'C:\WINDOWS\System32\ADVAPI32.dll', fileVersion: 10.0.19041.4170
C:\WINDOWS\System32\sechost.dll:sechost.dll (00007FFBE39D0000), size: 655360 (result: 0), SymType: '-exported-', PDB: 'C:\WINDOWS\System32\sechost.dll', fileVersion: 10.0.19041.4170
C:\WINDOWS\System32\RPCRT4.dll:RPCRT4.dll (00007FFBE4310000), size: 1200128 (result: 0), SymType: '-exported-', PDB: 'C:\WINDOWS\System32\RPCRT4.dll', fileVersion: 10.0.19041.4123
C:\WINDOWS\System32\bcrypt.dll:bcrypt.dll (00007FFBE26C0000), size: 159744 (result: 0), SymType: '-exported-', PDB: 'C:\WINDOWS\System32\bcrypt.dll', fileVersion: 10.0.19041.3636
C:\WINDOWS\SYSTEM32\sfc.dll:sfc.dll (000001BF98770000), size: 12288 (result: 0), SymType: '-exported-', PDB: 'C:\WINDOWS\SYSTEM32\sfc.dll', fileVersion: 10.0.19041.3636
C:\WINDOWS\SYSTEM32\WINSPOOL.DRV:WINSPOOL.DRV (00007FFBD7BC0000), size: 675840 (result: 0), SymType: '-exported-', PDB: 'C:\WINDOWS\SYSTEM32\WINSPOOL.DRV', fileVersion: 10.0.19041.4046
C:\WINDOWS\System32\combase.dll:combase.dll (00007FFBE3E10000), size: 3485696 (result: 0), SymType: '-exported-', PDB: 'C:\WINDOWS\System32\combase.dll', fileVersion: 10.0.19041.4123
C:\WINDOWS\System32\shcore.dll:shcore.dll (00007FFBE3D60000), size: 708608 (result: 0), SymType: '-exported-', PDB: 'C:\WINDOWS\System32\shcore.dll', fileVersion: 10.0.19041.3636
C:\WINDOWS\SYSTEM32\sfc_os.DLL:sfc_os.DLL (00007FFBBE1B0000), size: 73728 (result: 0), SymType: '-exported-', PDB: 'C:\WINDOWS\SYSTEM32\sfc_os.DLL', fileVersion: 10.0.19041.3636
C:\WINDOWS\SYSTEM32\AcGenral.DLL:AcGenral.DLL (00007FFB7CED0000), size: 405504 (result: 0), SymType: '-exported-', PDB: 'C:\WINDOWS\SYSTEM32\AcGenral.DLL', fileVersion: 10.0.19041.3636
C:\WINDOWS\System32\ole32.dll:ole32.dll (00007FFBE3070000), size: 1224704 (result: 0), SymType: '-exported-', PDB: 'C:\WINDOWS\System32\ole32.dll', fileVersion: 10.0.19041.3636
C:\WINDOWS\SYSTEM32\USERENV.dll:USERENV.dll (00007FFBE24B0000), size: 188416 (result: 0), SymType: '-exported-', PDB: 'C:\WINDOWS\SYSTEM32\USERENV.dll', fileVersion: 10.0.19041.3636
C:\WINDOWS\SYSTEM32\MPR.dll:MPR.dll (00007FFBC7C70000), size: 118784 (result: 0), SymType: '-exported-', PDB: 'C:\WINDOWS\SYSTEM32\MPR.dll', fileVersion: 10.0.19041.3636
C:\WINDOWS\SYSTEM32\SspiCli.dll:SspiCli.dll (00007FFBE2470000), size: 204800 (result: 0), SymType: '-exported-', PDB: 'C:\WINDOWS\SYSTEM32\SspiCli.dll', fileVersion: 10.0.19041.3636
C:\WINDOWS\System32\IMM32.DLL:IMM32.DLL (00007FFBE3C20000), size: 204800 (result: 0), SymType: '-exported-', PDB: 'C:\WINDOWS\System32\IMM32.DLL', fileVersion: 10.0.19041.3996
G:\SteamLibrary\steamapps\common\Deep Rock Survivor\UnityPlayer.dll:UnityPlayer.dll (00007FFAE2AA0000), size: 31555584 (result: 0), SymType: '-exported-', PDB: 'G:\SteamLibrary\steamapps\common\Deep Rock Survivor\UnityPlayer.dll', fileVersion: 2022.3.7.27451
C:\WINDOWS\System32\SETUPAPI.dll:SETUPAPI.dll (00007FFBE3440000), size: 4644864 (result: 0), SymType: '-exported-', PDB: 'C:\WINDOWS\System32\SETUPAPI.dll', fileVersion: 10.0.19041.3996
C:\WINDOWS\System32\cfgmgr32.dll:cfgmgr32.dll (00007FFBE2720000), size: 319488 (result: 0), SymType: '-exported-', PDB: 'C:\WINDOWS\System32\cfgmgr32.dll', fileVersion: 10.0.19041.3996
C:\WINDOWS\SYSTEM32\VERSION.dll:VERSION.dll (00007FFBD9EB0000), size: 40960 (result: 0), SymType: '-exported-', PDB: 'C:\WINDOWS\SYSTEM32\VERSION.dll', fileVersion: 10.0.19041.3636
C:\WINDOWS\System32\OLEAUT32.dll:OLEAUT32.dll (00007FFBE2FA0000), size: 839680 (result: 0), SymType: '-exported-', PDB: 'C:\WINDOWS\System32\OLEAUT32.dll', fileVersion: 10.0.19041.3636
C:\WINDOWS\System32\CRYPT32.dll:CRYPT32.dll (00007FFBE2B80000), size: 1429504 (result: 0), SymType: '-exported-', PDB: 'C:\WINDOWS\System32\CRYPT32.dll', fileVersion: 10.0.19041.3636
C:\WINDOWS\System32\WS2_32.dll:WS2_32.dll (00007FFBE4E00000), size: 438272 (result: 0), SymType: '-exported-', PDB: 'C:\WINDOWS\System32\WS2_32.dll', fileVersion: 10.0.19041.3636
C:\WINDOWS\SYSTEM32\WINMM.dll:WINMM.dll (00007FFBD5440000), size: 159744 (result: 0), SymType: '-exported-', PDB: 'C:\WINDOWS\SYSTEM32\WINMM.dll', fileVersion: 10.0.19041.3636
C:\WINDOWS\SYSTEM32\OPENGL32.dll:OPENGL32.dll (00007FFB7CD80000), size: 1200128 (result: 0), SymType: '-exported-', PDB: 'C:\WINDOWS\SYSTEM32\OPENGL32.dll', fileVersion: 10.0.19041.3636
C:\WINDOWS\SYSTEM32\WINHTTP.dll:WINHTTP.dll (00007FFBDAAB0000), size: 1089536 (result: 0), SymType: '-exported-', PDB: 'C:\WINDOWS\SYSTEM32\WINHTTP.dll', fileVersion: 10.0.19041.3636
C:\WINDOWS\SYSTEM32\HID.DLL:HID.DLL (00007FFBE0E30000), size: 53248 (result: 0), SymType: '-exported-', PDB: 'C:\WINDOWS\SYSTEM32\HID.DLL', fileVersion: 10.0.19041.3636
C:\WINDOWS\SYSTEM32\dwmapi.dll:dwmapi.dll (00007FFBE02B0000), size: 192512 (result: 0), SymType: '-exported-', PDB: 'C:\WINDOWS\SYSTEM32\dwmapi.dll', fileVersion: 10.0.19041.3636
C:\WINDOWS\SYSTEM32\GLU32.dll:GLU32.dll (00007FFB7CD50000), size: 180224 (result: 0), SymType: '-exported-', PDB: 'C:\WINDOWS\SYSTEM32\GLU32.dll', fileVersion: 10.0.19041.3636
E:\Steam\gameoverlayrenderer64.dll:gameoverlayrenderer64.dll (00007FFB9E960000), size: 1642496 (result: 0), SymType: '-exported-', PDB: 'E:\Steam\gameoverlayrenderer64.dll', fileVersion: 8.74.80.95
C:\WINDOWS\System32\PSAPI.DLL:PSAPI.DLL (00007FFBE4EC0000), size: 32768 (result: 0), SymType: '-exported-', PDB: 'C:\WINDOWS\System32\PSAPI.DLL', fileVersion: 10.0.19041.3636
C:\WINDOWS\SYSTEM32\kernel.appcore.dll:kernel.appcore.dll (00007FFBE0490000), size: 73728 (result: 0), SymType: '-exported-', PDB: 'C:\WINDOWS\SYSTEM32\kernel.appcore.dll', fileVersion: 10.0.19041.3758
C:\WINDOWS\System32\bcryptPrimitives.dll:bcryptPrimitives.dll (00007FFBE2CE0000), size: 532480 (result: 0), SymType: '-exported-', PDB: 'C:\WINDOWS\System32\bcryptPrimitives.dll', fileVersion: 10.0.19041.3636
C:\WINDOWS\system32\uxtheme.dll:uxtheme.dll (00007FFBDFFA0000), size: 647168 (result: 0), SymType: '-exported-', PDB: 'C:\WINDOWS\system32\uxtheme.dll', fileVersion: 10.0.19041.3996
C:\WINDOWS\SYSTEM32\windows.storage.dll:windows.storage.dll (00007FFBE0690000), size: 7987200 (result: 0), SymType: '-exported-', PDB: 'C:\WINDOWS\SYSTEM32\windows.storage.dll', fileVersion: 10.0.19041.4123
C:\WINDOWS\SYSTEM32\Wldp.dll:Wldp.dll (00007FFBE1FF0000), size: 188416 (result: 0), SymType: '-exported-', PDB: 'C:\WINDOWS\SYSTEM32\Wldp.dll', fileVersion: 10.0.19041.3996
C:\WINDOWS\SYSTEM32\profapi.dll:profapi.dll (00007FFBE24F0000), size: 151552 (result: 0), SymType: '-nosymbols-', PDB: 'C:\WINDOWS\SYSTEM32\profapi.dll', fileVersion: 10.0.19041.3636
G:\SteamLibrary\steamapps\common\Deep Rock Survivor\GameAssembly.dll:GameAssembly.dll (00007FFADED20000), size: 64471040 (result: 0), SymType: '-exported-', PDB: 'G:\SteamLibrary\steamapps\common\Deep Rock Survivor\GameAssembly.dll'
C:\WINDOWS\SYSTEM32\IPHLPAPI.DLL:IPHLPAPI.DLL (00007FFBE19F0000), size: 241664 (result: 0), SymType: '-exported-', PDB: 'C:\WINDOWS\SYSTEM32\IPHLPAPI.DLL', fileVersion: 10.0.19041.3636
C:\WINDOWS\SYSTEM32\dbghelp.dll:dbghelp.dll (00007FFBD4AD0000), size: 1982464 (result: 0), SymType: '-exported-', PDB: 'C:\WINDOWS\SYSTEM32\dbghelp.dll', fileVersion: 10.0.19041.3636
G:\SteamLibrary\steamapps\common\Deep Rock Survivor\baselib.dll:baselib.dll (00007FFBAD280000), size: 430080 (result: 0), SymType: '-exported-', PDB: 'G:\SteamLibrary\steamapps\common\Deep Rock Survivor\baselib.dll'
C:\WINDOWS\System32\clbcatq.dll:clbcatq.dll (00007FFBE4260000), size: 692224 (result: 0), SymType: '-exported-', PDB: 'C:\WINDOWS\System32\clbcatq.dll', fileVersion: 2001.12.10941.16384
C:\Windows\System32\CoreMessaging.dll:CoreMessaging.dll (00007FFBDF950000), size: 991232 (result: 0), SymType: '-exported-', PDB: 'C:\Windows\System32\CoreMessaging.dll', fileVersion: 10.0.19041.3930
C:\WINDOWS\System32\MSCTF.dll:MSCTF.dll (00007FFBE31A0000), size: 1134592 (result: 0), SymType: '-exported-', PDB: 'C:\WINDOWS\System32\MSCTF.dll', fileVersion: 10.0.19041.4123
C:\WINDOWS\SYSTEM32\d3d11.dll:d3d11.dll (00007FFBDDF90000), size: 2502656 (result: 0), SymType: '-deferred-', PDB: '', fileVersion: 10.0.19041.3636
C:\WINDOWS\SYSTEM32\dxgi.dll:dxgi.dll (00007FFBE0E70000), size: 995328 (result: 0), SymType: '-deferred-', PDB: '', fileVersion: 10.0.19041.3636
C:\WINDOWS\System32\DriverStore\FileRepository\nv_dispig.inf_amd64_618b150331c5f4ad\nvldumdx.dll:nvldumdx.dll (00007FFBD84F0000), size: 778240 (result: 0), SymType: '-exported-', PDB: 'C:\WINDOWS\System32\DriverStore\FileRepository\nv_dispig.inf_amd64_618b150331c5f4ad\nvldumdx.dll', fileVersion: 31.0.15.5176
C:\WINDOWS\SYSTEM32\msasn1.dll:msasn1.dll (00007FFBE2180000), size: 73728 (result: 0), SymType: '-exported-', PDB: 'C:\WINDOWS\SYSTEM32\msasn1.dll', fileVersion: 10.0.19041.3636
C:\WINDOWS\SYSTEM32\cryptnet.dll:cryptnet.dll (00007FFBD9E70000), size: 200704 (result: 0), SymType: '-exported-', PDB: 'C:\WINDOWS\SYSTEM32\cryptnet.dll', fileVersion: 10.0.19041.3636
C:\WINDOWS\SYSTEM32\drvstore.dll:drvstore.dll (00007FFBD9CC0000), size: 1343488 (result: 0), SymType: '-exported-', PDB: 'C:\WINDOWS\SYSTEM32\drvstore.dll', fileVersion: 10.0.19041.3636
C:\WINDOWS\SYSTEM32\devobj.dll:devobj.dll (00007FFBE2350000), size: 208896 (result: 0), SymType: '-exported-', PDB: 'C:\WINDOWS\SYSTEM32\devobj.dll', fileVersion: 10.0.19041.3996
C:\WINDOWS\SYSTEM32\cryptbase.dll:cryptbase.dll (00007FFBE1F40000), size: 49152 (result: 0), SymType: '-exported-', PDB: 'C:\WINDOWS\SYSTEM32\cryptbase.dll', fileVersion: 10.0.19041.3636
C:\WINDOWS\System32\wintrust.dll:wintrust.dll (00007FFBE2A70000), size: 421888 (result: 0), SymType: '-exported-', PDB: 'C:\WINDOWS\System32\wintrust.dll', fileVersion: 10.0.19041.3996
C:\WINDOWS\System32\imagehlp.dll:imagehlp.dll (00007FFBE4EA0000), size: 118784 (result: 0), SymType: '-exported-', PDB: 'C:\WINDOWS\System32\imagehlp.dll', fileVersion: 10.0.19041.3636
C:\WINDOWS\SYSTEM32\CRYPTSP.dll:CRYPTSP.dll (00007FFBE1F50000), size: 98304 (result: 0), SymType: '-exported-', PDB: 'C:\WINDOWS\SYSTEM32\CRYPTSP.dll', fileVersion: 10.0.19041.3636
C:\WINDOWS\system32\rsaenh.dll:rsaenh.dll (00007FFBE1610000), size: 212992 (result: 0), SymType: '-exported-', PDB: 'C:\WINDOWS\system32\rsaenh.dll', fileVersion: 10.0.19041.3636
C:\WINDOWS\System32\DriverStore\FileRepository\nv_dispig.inf_amd64_618b150331c5f4ad\nvgpucomp64.dll:nvgpucomp64.dll (00007FFBD1F40000), size: 35770368 (result: 0), SymType: '-exported-', PDB: 'C:\WINDOWS\System32\DriverStore\FileRepository\nv_dispig.inf_amd64_618b150331c5f4ad\nvgpucomp64.dll', fileVersion: 31.0.15.5176
C:\WINDOWS\System32\DriverStore\FileRepository\nv_dispig.inf_amd64_618b150331c5f4ad\nvwgf2umx.dll:nvwgf2umx.dll (00007FFBCAB30000), size: 67964928 (result: 0), SymType: '-exported-', PDB: 'C:\WINDOWS\System32\DriverStore\FileRepository\nv_dispig.inf_amd64_618b150331c5f4ad\nvwgf2umx.dll', fileVersion: 31.0.15.5176
C:\WINDOWS\SYSTEM32\powrprof.dll:powrprof.dll (00007FFBE1B60000), size: 307200 (result: 0), SymType: '-exported-', PDB: 'C:\WINDOWS\SYSTEM32\powrprof.dll', fileVersion: 10.0.19041.3636
C:\WINDOWS\SYSTEM32\UMPDC.dll:UMPDC.dll (00007FFBE19D0000), size: 73728 (result: 0), SymType: '-exported-', PDB: 'C:\WINDOWS\SYSTEM32\UMPDC.dll'
C:\WINDOWS\SYSTEM32\dxcore.dll:dxcore.dll (00007FFBD8860000), size: 241664 (result: 0), SymType: '-exported-', PDB: 'C:\WINDOWS\SYSTEM32\dxcore.dll', fileVersion: 10.0.19041.3996
C:\WINDOWS\system32\wbem\wbemprox.dll:wbemprox.dll (00007FFBD9B00000), size: 69632 (result: 0), SymType: '-exported-', PDB: 'C:\WINDOWS\system32\wbem\wbemprox.dll', fileVersion: 10.0.19041.3996
C:\WINDOWS\SYSTEM32\wbemcomn.dll:wbemcomn.dll (00007FFBCFC50000), size: 589824 (result: 0), SymType: '-exported-', PDB: 'C:\WINDOWS\SYSTEM32\wbemcomn.dll', fileVersion: 10.0.19041.3636
C:\WINDOWS\system32\wbem\wbemsvc.dll:wbemsvc.dll (00007FFBCF0A0000), size: 81920 (result: 0), SymType: '-exported-', PDB: 'C:\WINDOWS\system32\wbem\wbemsvc.dll', fileVersion: 10.0.19041.3996
C:\WINDOWS\system32\wbem\fastprox.dll:fastprox.dll (00007FFBCEF00000), size: 1093632 (result: 0), SymType: '-exported-', PDB: 'C:\WINDOWS\system32\wbem\fastprox.dll', fileVersion: 10.0.19041.3636
C:\WINDOWS\SYSTEM32\amsi.dll:amsi.dll (00007FFBC9CA0000), size: 126976 (result: 0), SymType: '-exported-', PDB: 'C:\WINDOWS\SYSTEM32\amsi.dll', fileVersion: 10.0.19041.3636
C:\ProgramData\Microsoft\Windows Defender\Platform\4.18.24020.7-0\MpOav.dll:MpOav.dll (00007FFBC9A70000), size: 528384 (result: 0), SymType: '-exported-', PDB: 'C:\ProgramData\Microsoft\Windows Defender\Platform\4.18.24020.7-0\MpOav.dll', fileVersion: 4.18.24020.7
C:\WINDOWS\System32\MMDevApi.dll:MMDevApi.dll (00007FFBDC1B0000), size: 544768 (result: 0), SymType: '-exported-', PDB: 'C:\WINDOWS\System32\MMDevApi.dll', fileVersion: 10.0.19041.3636
C:\WINDOWS\SYSTEM32\AUDIOSES.DLL:AUDIOSES.DLL (00007FFBDC680000), size: 1581056 (result: 0), SymType: '-exported-', PDB: 'C:\WINDOWS\SYSTEM32\AUDIOSES.DLL', fileVersion: 10.0.19041.3636
C:\WINDOWS\SYSTEM32\resourcepolicyclient.dll:resourcepolicyclient.dll (00007FFBE0080000), size: 81920 (result: 0), SymType: '-exported-', PDB: 'C:\WINDOWS\SYSTEM32\resourcepolicyclient.dll', fileVersion: 10.0.19041.3636
G:\SteamLibrary\steamapps\common\Deep Rock Survivor\DRG Survivor_Data\Plugins\x86_64\lib_burst_generated.dll:lib_burst_generated.dll (00007FFBB0B50000), size: 188416 (result: 0), SymType: '-exported-', PDB: 'G:\SteamLibrary\steamapps\common\Deep Rock Survivor\DRG Survivor_Data\Plugins\x86_64\lib_burst_generated.dll'
C:\Windows\System32\Windows.Gaming.Input.dll:Windows.Gaming.Input.dll (00007FFBD9B20000), size: 954368 (result: 0), SymType: '-exported-', PDB: 'C:\Windows\System32\Windows.Gaming.Input.dll', fileVersion: 10.0.19041.4123
C:\WINDOWS\SYSTEM32\inputhost.dll:inputhost.dll (00007FFBD7510000), size: 1384448 (result: 0), SymType: '-exported-', PDB: 'C:\WINDOWS\SYSTEM32\inputhost.dll', fileVersion: 10.0.19041.3636
C:\Windows\System32\PROPSYS.dll:PROPSYS.dll (00007FFBDE200000), size: 1007616 (result: 0), SymType: '-exported-', PDB: 'C:\Windows\System32\PROPSYS.dll', fileVersion: 7.0.19041.3636
C:\WINDOWS\SYSTEM32\wintypes.dll:wintypes.dll (00007FFBDEEC0000), size: 1396736 (result: 0), SymType: '-exported-', PDB: 'C:\WINDOWS\SYSTEM32\wintypes.dll', fileVersion: 10.0.19041.4123
C:\Windows\System32\CoreUIComponents.dll:CoreUIComponents.dll (00007FFBDF5F0000), size: 3518464 (result: 0), SymType: '-exported-', PDB: 'C:\Windows\System32\CoreUIComponents.dll', fileVersion: 10.0.19041.3636
C:\WINDOWS\SYSTEM32\ntmarta.dll:ntmarta.dll (00007FFBE1730000), size: 208896 (result: 0), SymType: '-exported-', PDB: 'C:\WINDOWS\SYSTEM32\ntmarta.dll', fileVersion: 10.0.19041.3636
C:\Windows\System32\twinapi.appcore.dll:twinapi.appcore.dll (00007FFBDABC0000), size: 2109440 (result: 0), SymType: '-exported-', PDB: 'C:\Windows\System32\twinapi.appcore.dll', fileVersion: 10.0.19041.4123
C:\WINDOWS\SYSTEM32\xinput1_3.dll:xinput1_3.dll (0000000000400000), size: 122880 (result: 0), SymType: '-exported-', PDB: 'C:\WINDOWS\SYSTEM32\xinput1_3.dll', fileVersion: 9.18.944.0
C:\WINDOWS\SYSTEM32\dcomp.dll:dcomp.dll (00007FFBDF050000), size: 1978368 (result: 0), SymType: '-exported-', PDB: 'C:\WINDOWS\SYSTEM32\dcomp.dll', fileVersion: 10.0.19041.4046
C:\WINDOWS\SYSTEM32\textinputframework.dll:textinputframework.dll (00007FFBDB450000), size: 1019904 (result: 0), SymType: '-exported-', PDB: 'C:\WINDOWS\SYSTEM32\textinputframework.dll', fileVersion: 10.0.19041.4123
  ERROR: SymGetSymFromAddr64, GetLastError: 'Attempt to access invalid address.' (Address: 00007FFAE2DF3ECD)
0x00007FFAE2DF3ECD (UnityPlayer) (function-name not available)
  ERROR: SymGetSymFromAddr64, GetLastError: 'Attempt to access invalid address.' (Address: 00007FFAE2DF4147)
0x00007FFAE2DF4147 (UnityPlayer) (function-name not available)
  ERROR: SymGetSymFromAddr64, GetLastError: 'Attempt to access invalid address.' (Address: 00007FFAE2DF585F)
0x00007FFAE2DF585F (UnityPlayer) (function-name not available)
  ERROR: SymGetSymFromAddr64, GetLastError: 'Attempt to access invalid address.' (Address: 00007FFAE2DF575E)
0x00007FFAE2DF575E (UnityPlayer) (function-name not available)
  ERROR: SymGetSymFromAddr64, GetLastError: 'Attempt to access invalid address.' (Address: 00007FFAE2AE607C)
0x00007FFAE2AE607C (UnityPlayer) (function-name not available)
  ERROR: SymGetSymFromAddr64, GetLastError: 'Attempt to access invalid address.' (Address: 00007FFAE2AF74BC)
0x00007FFAE2AF74BC (UnityPlayer) (function-name not available)
0x00007FFADED5F4DB (GameAssembly) il2cpp_object_header_size
0x00007FFADF7F01F7 (GameAssembly) BrotliDecoderIsFinished
0x00007FFAE0F474FC (GameAssembly) BrotliDecoderIsFinished
0x00007FFAE0F2B29B (GameAssembly) BrotliDecoderIsFinished
0x00007FFAE0F2A80E (GameAssembly) BrotliDecoderIsFinished
0x00007FFAE0F00702 (GameAssembly) BrotliDecoderIsFinished
0x00007FFAE0EF5A61 (GameAssembly) BrotliDecoderIsFinished
0x00007FFAE0EFB39C (GameAssembly) BrotliDecoderIsFinished
0x00007FFAE145B48B (GameAssembly) BrotliDecoderIsFinished
0x00007FFADF0C33E6 (GameAssembly) WriteZStream
0x00007FFADF0C2E89 (GameAssembly) WriteZStream
0x00007FFAE354F80C (UnityPlayer) UnityMain
0x00007FFAE355009F (UnityPlayer) UnityMain
0x00007FFADF0C33E6 (GameAssembly) WriteZStream
0x00007FFADF0C2E89 (GameAssembly) WriteZStream
  ERROR: SymGetSymFromAddr64, GetLastError: 'Attempt to access invalid address.' (Address: 00007FFAE303A5C5)
0x00007FFAE303A5C5 (UnityPlayer) (function-name not available)
  ERROR: SymGetSymFromAddr64, GetLastError: 'Attempt to access invalid address.' (Address: 00007FFAE303A3A2)
0x00007FFAE303A3A2 (UnityPlayer) (function-name not available)
  ERROR: SymGetSymFromAddr64, GetLastError: 'Attempt to access invalid address.' (Address: 00007FFAE3066FE7)
0x00007FFAE3066FE7 (UnityPlayer) (function-name not available)
  ERROR: SymGetSymFromAddr64, GetLastError: 'Attempt to access invalid address.' (Address: 00007FFAE30650BF)
0x00007FFAE30650BF (UnityPlayer) (function-name not available)
  ERROR: SymGetSymFromAddr64, GetLastError: 'Attempt to access invalid address.' (Address: 00007FFAE3064B47)
0x00007FFAE3064B47 (UnityPlayer) (function-name not available)
  ERROR: SymGetSymFromAddr64, GetLastError: 'Attempt to access invalid address.' (Address: 00007FFAE3065FC1)
0x00007FFAE3065FC1 (UnityPlayer) (function-name not available)
  ERROR: SymGetSymFromAddr64, GetLastError: 'Attempt to access invalid address.' (Address: 00007FFAE30663C5)
0x00007FFAE30663C5 (UnityPlayer) (function-name not available)
  ERROR: SymGetSymFromAddr64, GetLastError: 'Attempt to access invalid address.' (Address: 00007FFAE3054725)
0x00007FFAE3054725 (UnityPlayer) (function-name not available)
  ERROR: SymGetSymFromAddr64, GetLastError: 'Attempt to access invalid address.' (Address: 00007FFAE3054A0F)
0x00007FFAE3054A0F (UnityPlayer) (function-name not available)
  ERROR: SymGetSymFromAddr64, GetLastError: 'Attempt to access invalid address.' (Address: 00007FFAE3290D36)
0x00007FFAE3290D36 (UnityPlayer) (function-name not available)
0x00007FFAE329115B (UnityPlayer) UnityMain
  ERROR: SymGetSymFromAddr64, GetLastError: 'Attempt to access invalid address.' (Address: 00007FF64A4911F2)
0x00007FF64A4911F2 (DRG Survivor) (function-name not available)
0x00007FFBE3927344 (KERNEL32) BaseThreadInitThunk
0x00007FFBE4F626B1 (ntdll) RtlUserThreadStart

========== END OF STACKTRACE ===========

A crash has been intercepted by the crash handler. For call stack and other details, see the latest crash report generated in:
 * C:/Users/iasav/AppData/Local/Temp/Funday Games/DRG Survivor/Crashes
